
 Ansys Mechanical Enterprise Academic Student      


 *------------------------------------------------------------------*
 |                                                                  |
 |   W E L C O M E   T O   T H E   A N S Y S (R)  P R O G R A M     |
 |                                                                  |
 *------------------------------------------------------------------*




 ***************************************************************
 *         ANSYS MAPDL 2024 R1          LEGAL NOTICES          *
 ***************************************************************
 *                                                             *
 * Copyright 1971-2024 Ansys, Inc.  All rights reserved.       *
 * Unauthorized use, distribution or duplication is            *
 * prohibited.                                                 *
 *                                                             *
 * Ansys is a registered trademark of Ansys, Inc. or its       *
 * subsidiaries in the United States or other countries.       *
 * See the Ansys, Inc. online documentation or the Ansys, Inc. *
 * documentation CD or online help for the complete Legal      *
 * Notice.                                                     *
 *                                                             *
 ***************************************************************
 *                                                             *
 * THIS ANSYS SOFTWARE PRODUCT AND PROGRAM DOCUMENTATION       *
 * INCLUDE TRADE SECRETS AND CONFIDENTIAL AND PROPRIETARY      *
 * PRODUCTS OF ANSYS, INC., ITS SUBSIDIARIES, OR LICENSORS.    *
 * The software products and documentation are furnished by    *
 * Ansys, Inc. or its subsidiaries under a software license    *
 * agreement that contains provisions concerning               *
 * non-disclosure, copying, length and nature of use,          *
 * compliance with exporting laws, warranties, disclaimers,    *
 * limitations of liability, and remedies, and other           *
 * provisions.  The software products and documentation may be *
 * used, disclosed, transferred, or copied only in accordance  *
 * with the terms and conditions of that software license      *
 * agreement.                                                  *
 *                                                             *
 * Ansys, Inc. is a UL registered                              *
 * ISO 9001:2015 company.                                      *
 *                                                             *
 ***************************************************************
 *                                                             *
 * This product is subject to U.S. laws governing export and   *
 * re-export.                                                  *
 *                                                             *
 * For U.S. Government users, except as specifically granted   *
 * by the Ansys, Inc. software license agreement, the use,     *
 * duplication, or disclosure by the United States Government  *
 * is subject to restrictions stated in the Ansys, Inc.        *
 * software license agreement and FAR 12.212 (for non-DOD      *
 * licenses).                                                  *
 *                                                             *
 ***************************************************************

 2024 R1 
     
 Point Releases and Patches installed:   
     
 Discovery 2024 R1   
 Fluids 2024 R1  
 Ansys Dynamic Reporting 2024 R1 
 SpaceClaim 2024 R1  
 CFX (includes CFD-Post) 2024 R1 
 Chemkin 2024 R1 
 EnSight 2024 R1 
 FENSAP-ICE 2024 R1  
 Fluent (includes CFD-Post) 2024 R1  
 Polyflow (includes CFD-Post) 2024 R1
 Forte (includes EnSight) 2024 R1
 TurboGrid 2024 R1   
 ACIS Geometry Interface 2024 R1 
 AutoCAD Geometry Interface 2024 R1  
 Catia, Version 4 Geometry Interface 2024 R1 
 Catia, Version 5 Geometry Interface 2024 R1 
 Catia, Version 6 Geometry Interface 2024 R1 
 Creo Elements/Direct Modeling Geometry Interface 2024 R1
 Creo Parametric Geometry Interface 2024 R1  
 Inventor Geometry Interface 2024 R1 
 JTOpen Geometry Interface 2024 R1   
 NX Geometry Interface 2024 R1   
 Parasolid Geometry Interface  2024 R1   
 Solid Edge Geometry Interface 2024 R1   
 SOLIDWORKS Geometry Interface 2024 R1   
 Speos 2024 R1   
 Aqwa 2024 R1
 Autodyn 2024 R1 
 Material Calibration App 2024 R1
 Customization Files for User Programmable Features 2024 R1  
 Mechanical Products 2024 R1 
 Motion 2024 R1  
 Academic Student 2024 R1


          *****  MAPDL COMMAND LINE ARGUMENTS  *****
  INITIAL JOBNAME              = cp52                                                                                                                                                                                                                                                    
  BATCH MODE REQUESTED (-b)    = NOLIST
  INPUT FILE COPY MODE (-c)    = COPY
  DISTRIBUTED MEMORY PARALLEL REQUESTED
       4 PARALLEL PROCESSES REQUESTED WITH SINGLE THREAD PER PROCESS
    TOTAL OF     4 CORES REQUESTED
  INPUT FILE NAME              = C:\Users\siril\AppData\Local\Temp\WB_siril_39384_2\_ProjectScratch\Scr4F77\dummy.dat
  OUTPUT FILE NAME             = C:\Users\siril\AppData\Local\Temp\WB_siril_39384_2\_ProjectScratch\Scr4F77\solve.out
  START-UP FILE MODE           = NOREAD
  STOP FILE MODE               = NOREAD

 RELEASE= 2024 R1              BUILD= 24.1      UP20231106   VERSION=WINDOWS x64 
 CURRENT JOBNAME=cp52_0  17:08:16  MAR 26, 2024 CP=      0.000


 PARAMETER _DS_PROGRESS =     999.0000000    

 /INPUT FILE= cp52.dat  LINE=       0



 *** NOTE ***                            CP =       0.016   TIME= 17:08:16
 The /CONFIG,NOELDB command is not valid in a distributed memory         
 parallel solution.  Command is ignored.                                 

 *GET  _WALLSTRT  FROM  ACTI  ITEM=TIME WALL  VALUE=  17.1377778    

 TITLE= 
 wbnew--Modal (A5)                                                             

  ACT Extensions:
      LSDYNA, 2024.1
      5f463412-bd3e-484b-87e7-cbc0a665e474, wbex
 /COM,     ANSYSMotion, 2024.1
      20180725-3f81-49eb-9f31-41364844c769, wbex
  

 SET PARAMETER DIMENSIONS ON  _WB_PROJECTSCRATCH_DIR
  TYPE=STRI  DIMENSIONS=      248        1        1

 PARAMETER _WB_PROJECTSCRATCH_DIR(1) = C:\Users\siril\AppData\Local\Temp\WB_siril_39384_2\_ProjectScratch\Scr4F77\

 SET PARAMETER DIMENSIONS ON  _WB_SOLVERFILES_DIR
  TYPE=STRI  DIMENSIONS=      248        1        1

 PARAMETER _WB_SOLVERFILES_DIR(1) = C:\Users\siril\AppData\Local\Temp\WB_siril_39384_2\wbnew_files\dp0\global\MECH\SYS\Condensed Geometry\cp52\

 SET PARAMETER DIMENSIONS ON  _WB_USERFILES_DIR
  TYPE=STRI  DIMENSIONS=      248        1        1

 PARAMETER _WB_USERFILES_DIR(1) = C:\Users\siril\AppData\Local\Temp\WB_siril_39384_2\wbnew_files\user_files\
 --- Data in consistent NMM units. See Solving Units in the help system for more

 MPA UNITS SPECIFIED FOR INTERNAL    
  LENGTH      = MILLIMETERS (mm)
  MASS        = TONNE (Mg)
  TIME        = SECONDS (sec)
  TEMPERATURE = CELSIUS (C)
  TOFFSET     = 273.0
  FORCE       = NEWTON (N)
  HEAT        = MILLIJOULES (mJ)

 INPUT  UNITS ARE ALSO SET TO MPA 

 *** MAPDL - ENGINEERING ANALYSIS SYSTEM  RELEASE 2024 R1          24.1     ***
 Ansys Mechanical Enterprise Academic Student      
 01055371  VERSION=WINDOWS x64   17:08:17  MAR 26, 2024 CP=      0.016

 wbnew--Modal (A5)                                                             



          ***** MAPDL ANALYSIS DEFINITION (PREP7) *****
 *********** Nodes for "Cavity_V2-FreeParts|MeshBody1 (1) (1)" ***********
 *********** Elements for Body 1 "Cavity_V2-FreeParts|MeshBody1 (1) (1)" *******
 *********** Send User Defined Coordinate System(s) ***********
 *********** Send Materials ***********
 *********** Create Remote Point "To Sacrum" ***********
 *********** Create Remote Point "Fluid inlet" ***********
 *********** Create Remote Point "To Ribcage" ***********


 ***** ROUTINE COMPLETED *****  CP =         0.047


 *********** Perform Generation Pass for "Condensed Part" ***********

 CURRENT JOBNAME REDEFINED AS cp52

 *****  MAPDL SOLUTION ROUTINE  *****
 *********** Send master nodes for "To Sacrum" ***********
 *********** Send master nodes for "Fluid inlet" ***********
 *********** Send master nodes for "To Ribcage" ***********

 *****  MAPDL SOLVE    COMMAND  *****

 *** WARNING ***                         CP =       0.078   TIME= 17:08:17
 Element shape checking is currently inactive.  Issue SHPP,ON or         
 SHPP,WARN to reactivate, if desired.                                    

 *** SELECTION OF ELEMENT TECHNOLOGIES FOR APPLICABLE ELEMENTS ***
      --- GIVE SUGGESTIONS AND RESET THE KEY OPTIONS ---

 ELEMENT TYPE         1 IS SOLID187. IT IS NOT ASSOCIATED WITH FULLY INCOMPRESSIBLE
 HYPERELASTIC MATERIALS. NO SUGGESTION IS AVAILABLE AND NO RESETTING IS NEEDED.



 *** MAPDL - ENGINEERING ANALYSIS SYSTEM  RELEASE 2024 R1          24.1     ***
 Ansys Mechanical Enterprise Academic Student      
 01055371  VERSION=WINDOWS x64   17:08:17  MAR 26, 2024 CP=      0.078

 wbnew--Modal (A5)                                                             


 The used degrees of freedom set is  UX   UY   UZ   ROTX ROTY ROTZ
 Please verify constraints (including rotational degrees of freedom)
  on the pilot node by yourself.
 ****************************************
  
 The used degrees of freedom set is  UX   UY   UZ   ROTX ROTY ROTZ
 Please verify constraints (including rotational degrees of freedom)
  on the pilot node by yourself.
 ****************************************
  
 The used degrees of freedom set is  UX   UY   UZ   ROTX ROTY ROTZ
 Please verify constraints (including rotational degrees of freedom)
  on the pilot node by yourself.
 ****************************************
  
  
  

  
  
     D I S T R I B U T E D   D O M A I N   D E C O M P O S E R
  
  ...Number of elements: 55615
  ...Number of nodes:    109775
  ...Decompose to 4 CPU domains
  ...Element load balance ratio =     1.000



                         ***********  PRECISE MASS SUMMARY  ***********

   TOTAL RIGID BODY MASS MATRIX ABOUT ORIGIN
               Translational mass               |   Coupled translational/rotational mass
        0.61820E-03    0.0000        0.0000     |     0.0000       0.17857E-02   0.72288E-01
         0.0000       0.61820E-03    0.0000     |   -0.17857E-02    0.0000       0.62849    
         0.0000        0.0000       0.61820E-03 |   -0.72288E-01  -0.62849        0.0000    
     ------------------------------------------ | ------------------------------------------
                                                |         Rotational mass (inertia)
                                                |     13.010        73.457       -2.0858    
                                                |     73.457        650.08       0.19878    
                                                |    -2.0858       0.19878        656.53    

   TOTAL MASS = 0.61820E-03
     The mass principal axes coincide with the global Cartesian axes

   CENTER OF MASS (X,Y,Z)=    1016.6       -116.93        2.8885    

   TOTAL INERTIA ABOUT CENTER OF MASS
         4.5524      -0.33399E-01  -0.27041    
       -0.33399E-01    11.140      -0.10026E-01
       -0.27041      -0.10026E-01    9.1416    

   PRINCIPAL INERTIAS =    4.5364        11.140        9.1575    
   ORIENTATION VECTORS OF THE INERTIA PRINCIPAL AXES IN GLOBAL CARTESIAN
     ( 0.998, 0.005, 0.059) (-0.005, 1.000,-0.004) (-0.059, 0.004, 0.998) 


  *** MASS SUMMARY BY ELEMENT TYPE ***

  TYPE      MASS
     1  0.618204E-03

 Range of element maximum matrix coefficients in global coordinates
 Maximum = 23673.6346 at element 16289.                                  
 Minimum = 81.3508736 at element 54682.                                  

   *** ELEMENT MATRIX FORMULATION TIMES
     TYPE    NUMBER   ENAME      TOTAL CP  AVE CP

        1     55599  SOLID187      0.422   0.000008
        2         2  CONTA174      0.000   0.000000
        3         1  TARGE170      0.000   0.000000
        4         9  CONTA174      0.000   0.000000
        5         1  TARGE170      0.000   0.000000
        6         2  CONTA174      0.000   0.000000
        7         1  TARGE170      0.000   0.000000
 Time at end of element matrix formulation CP = 0.1875.                  
 Number of master degrees of freedom = 18.                               

  BLOCK LANCZOS CALCULATION OF UP TO    20 EIGENVECTORS.
  NUMBER OF EQUATIONS              =       329307
  MAXIMUM WAVEFRONT                =          267
  MAXIMUM MODES STORED             =           20
  MINIMUM EIGENVALUE               =  0.00000E+00
  MAXIMUM EIGENVALUE               =  0.10000E+31


  Process memory allocated for solver              =   369.692 MB
  Process memory required for in-core solution     =   352.390 MB
  Process memory required for out-of-core solution =   162.296 MB

  Total memory allocated for solver                =  1490.719 MB
  Total memory required for in-core solution       =  1420.941 MB
  Total memory required for out-of-core solution   =   630.158 MB

 *** NOTE ***                            CP =       0.516   TIME= 17:08:20
 The Distributed Sparse Matrix Solver used by the Block Lanczos          
 eigensolver is currently running in the in-core memory mode.  This      
 memory mode uses the most amount of memory in order to avoid using the  
 hard drive as much as possible, which most often results in the         
 fastest solution time.  This mode is recommended if enough physical     
 memory is present to accommodate all of the solver data.                

  Process memory required for in-core LANCZOS Workspace             =     322.788918 MB
  Process memory required for out-of-core LANCZOS Workspace         =     8.156960 MB

  Total   memory required for in-core LANCZOS Workspace             =     1.238397 GB
  Total   memory required for out-of-core LANCZOS Workspace         =     32.079346 MB

  Lanczos Memory Mode : INCORE


  >> Shift # 1 :  | | | |                            : 20 Eigenvalues Converged


 *** MAPDL - ENGINEERING ANALYSIS SYSTEM  RELEASE 2024 R1          24.1     ***
 Ansys Mechanical Enterprise Academic Student      
 01055371  VERSION=WINDOWS x64   17:08:25  MAR 26, 2024 CP=      1.828

 wbnew--Modal (A5)                                                             



 *** FREQUENCIES FROM BLOCK LANCZOS ITERATION ***

  MODE    FREQUENCY (HERTZ)      


    1     1.010065811693    
    2     6.138305815967    
    3     8.385774543089    
    4     9.358457377183    
    5     11.46507302155    
    6     12.51994795152    
    7     14.70268017754    
    8     15.79658943504    
    9     16.55137592524    
   10     17.93694836097    
   11     19.56898593715    
   12     21.91885123284    
   13     26.41709439285    
   14     27.30517604028    
   15     29.82806245854    
   16     31.47351896656    
   17     32.91637390758    
   18     34.26957485769    
   19     35.08959343668    
   20     37.24548550574    

 SPARSE MATRIX DIRECT SOLVER.
  Number of equations =      329307,    Maximum wavefront =    534

 *** NOTE ***                            CP =       2.016   TIME= 17:08:25
 The initial memory allocation (-m) has been exceeded.                   
  Supplemental memory allocations are being used.                        
  Memory allocated for solver =        2498.312 MB
  Memory required for in-core =        1609.993 MB
  Memory required for out-of-core =     382.951 MB


 *** NOTE ***                            CP =       2.766   TIME= 17:08:28
 The Sparse Matrix solver is currently running in the in-core memory     
 mode.  This memory mode uses the most amount of memory in order to      
 avoid using the hard drive as much as possible, which most often        
 results in the fastest solution time.  This mode is recommended if      
 enough physical memory is present to accommodate all of the solver      
 data.                                                                   
 Sparse solver maximum pivot= 9347.53445 at node 19209 UY.               
 Sparse solver minimum pivot= 4.454099077E-02 at node 11165 UZ.          
 Sparse solver minimum pivot in absolute value= 4.454099077E-02 at node  
 11165 UZ.                                                               


 *** MAPDL BINARY FILE STATISTICS
  BUFFER SIZE USED= 16384
      214.812 MB WRITTEN ON ASSEMBLED MATRIX FILE: cp52_0.full
        0.500 MB WRITTEN ON SUBSTRUCTURE MATRIX FILE: cp52.sub

 FINISH SOLUTION PROCESSING


 ***** ROUTINE COMPLETED *****  CP =        19.578



 PRINTOUT RESUMED BY /GOP

 *GET  _WALLDONE  FROM  ACTI  ITEM=TIME WALL  VALUE=  17.1508333    

 PARAMETER _PREPTIME =     1.000000000    

 PARAMETER _SOLVTIME =     46.00000000    

 PARAMETER _POSTTIME =     0.000000000    

 PARAMETER _TOTALTIM =     47.00000000    

 *GET  _DLBRATIO  FROM  ACTI  ITEM=SOLU DLBR  VALUE=  1.00007193    

 *GET  _COMBTIME  FROM  ACTI  ITEM=SOLU COMB  VALUE= 0.892601100    

 *GET  _SSMODE   FROM  ACTI  ITEM=SOLU SSMM  VALUE=  2.00000000    

 *GET  _NDOFS    FROM  ACTI  ITEM=SOLU NDOF  VALUE=  329307.000    

 /FCLEAN COMMAND REMOVING ALL LOCAL FILES
 REQUEST TO SKIP REMOVING LOCAL ESAV FILES
 REQUEST TO SKIP REMOVING LOCAL EMAT FILES
 REQUEST TO SKIP REMOVING LOCAL SELD FILES
 REQUEST TO SKIP REMOVING LOCAL CMS  FILES
 --- Total number of nodes = %_numnode%
 --- Total number of elements = %_numelem%
 --- Element load balance ratio = 1.00007193
 --- Time to combine distributed files = 0.8926011
 --- Sparse memory mode = 2
 --- Number of DOF = 329307

 EXIT MAPDL WITHOUT SAVING DATABASE


 NUMBER OF WARNING MESSAGES ENCOUNTERED=          1
 NUMBER OF ERROR   MESSAGES ENCOUNTERED=          0

+--------------------- M A P D L   S T A T I S T I C S ------------------------+

Release: 2024 R1            Build: 24.1       Update: UP20231106   Platform: WINDOWS x64 
Date Run: 03/26/2024   Time: 17:09     Process ID: 36540
Operating System: Windows 11  (Build: 22631)

Processor Model: 12th Gen Intel(R) Core(TM) i7-12700H

Compiler: Intel(R) Fortran Compiler Classic Version 2021.9  (Build: 20230302)
          Intel(R) C/C++ Compiler Classic Version 2021.9  (Build: 20230302)
          Intel(R) Math Kernel Library Version 2020.0.0 Product Build 20191125
          BLAS Library supplied by Intel(R) MKL

Number of machines requested            :    1
Total number of cores available         :   20
Number of physical cores available      :   14
Number of processes requested           :    4
Number of threads per process requested :    1
Total number of cores requested         :    4 (Distributed Memory Parallel)               
MPI Type: INTELMPI
MPI Version: Intel(R) MPI Library 2021.10 for Windows* OS


GPU Acceleration: Not Requested

Job Name: cp52_0
Input File: dummy.dat

  Core                Machine Name   Working Directory
 -----------------------------------------------------
     0                      dstrog   C:\Users\siril\AppData\Local\Temp\WB_siril_39384_2\_ProjectScratch\Scr4F77
     1                      dstrog   C:\Users\siril\AppData\Local\Temp\WB_siril_39384_2\_ProjectScratch\Scr4F77
     2                      dstrog   C:\Users\siril\AppData\Local\Temp\WB_siril_39384_2\_ProjectScratch\Scr4F77
     3                      dstrog   C:\Users\siril\AppData\Local\Temp\WB_siril_39384_2\_ProjectScratch\Scr4F77
 
Latency time from master to core     1 =    1.556 microseconds
Latency time from master to core     2 =    1.487 microseconds
Latency time from master to core     3 =    1.521 microseconds
 
Communication speed from master to core     1 = 11961.36 MB/sec
Communication speed from master to core     2 = 12274.46 MB/sec
Communication speed from master to core     3 = 13332.00 MB/sec

Total CPU time for main thread                    :       11.6 seconds
Total CPU time summed for all threads             :       19.6 seconds

Elapsed time spent obtaining a license            :        0.4 seconds
Elapsed time spent pre-processing model (/PREP7)  :        0.2 seconds
Elapsed time spent solution - preprocessing       :        0.3 seconds
Elapsed time spent computing solution             :       43.9 seconds
Elapsed time spent solution - postprocessing      :        0.9 seconds
Elapsed time spent post-processing model (/POST1) :        0.0 seconds
 
Equation solver used                              :            Sparse (symmetric)
Equation solver computational rate                :        5.4 Gflops
Equation solver effective I/O rate                :       16.5 GB/sec

Sum of disk space used on all processes           :     2441.9 MB

Sum of memory used on all processes               :     4746.0 MB
Sum of memory allocated on all processes          :     7199.0 MB
Physical memory available                         :         16 GB
Total amount of I/O written to disk               :        2.6 GB
Total amount of I/O read from disk                :        0.7 GB

+------------------ E N D   M A P D L   S T A T I S T I C S -------------------+


 *-----------------------------------------------------------------------------*
 |                                                                             |
 |                               RUN COMPLETED                                 |
 |                                                                             |
 |-----------------------------------------------------------------------------|
 |                                                                             |
 |  Ansys MAPDL 2024 R1         Build 24.1         UP20231106    WINDOWS x64   |
 |                                                                             |
 |-----------------------------------------------------------------------------|
 |                                                                             |
 |  Database Requested(-db)     1024 MB     Scratch Memory Requested   1024 MB |
 |  Max Database Used(Master)     65 MB     Max Scratch Used(Master)   2659 MB |
 |  Max Database Used(Workers)     1 MB     Max Scratch Used(Workers)   690 MB |
 |  Sum Database Used(All)        68 MB     Sum Scratch Used(All)      4678 MB |
 |                                                                             |
 |-----------------------------------------------------------------------------|
 |                                                                             |
 |        CP Time      (sec) =         19.641       Time  =  17:09:03          |
 |        Elapsed Time (sec) =         48.000       Date  =  03/26/2024        |
 |                                                                             |
 *-----------------------------------------------------------------------------*
